<?xml version="1.0" encoding="UTF-8"?>
<testsuite xmlns:xsi="http://www.w3.org/2001/XMLSchema-instance" xsi:noNamespaceSchemaLocation="https://maven.apache.org/surefire/maven-surefire-plugin/xsd/surefire-test-report.xsd" name="red.semipro.batch.eventon.EventonApiTest" time="27.272" tests="1" errors="0" skipped="0" failures="0">
  <properties>
    <property name="gopherProxySet" value="false"/>
    <property name="awt.toolkit" value="sun.lwawt.macosx.LWCToolkit"/>
    <property name="file.encoding.pkg" value="sun.io"/>
    <property name="java.specification.version" value="1.8"/>
    <property name="sun.cpu.isalist" value=""/>
    <property name="sun.jnu.encoding" value="UTF-8"/>
    <property name="java.class.path" value="/Users/fujiidaisuke/Projects/sts/workspace/semipro/semipro-web/target/test-classes:/Users/fujiidaisuke/Projects/sts/workspace/semipro/semipro-web/target/classes:/Users/fujiidaisuke/.m2/repository/org/springframework/boot/spring-boot-starter-web/2.0.6.RELEASE/spring-boot-starter-web-2.0.6.RELEASE.jar:/Users/fujiidaisuke/.m2/repository/org/springframework/boot/spring-boot-starter-json/2.0.6.RELEASE/spring-boot-starter-json-2.0.6.RELEASE.jar:/Users/fujiidaisuke/.m2/repository/com/fasterxml/jackson/datatype/jackson-datatype-jdk8/2.9.7/jackson-datatype-jdk8-2.9.7.jar:/Users/fujiidaisuke/.m2/repository/com/fasterxml/jackson/datatype/jackson-datatype-jsr310/2.9.7/jackson-datatype-jsr310-2.9.7.jar:/Users/fujiidaisuke/.m2/repository/com/fasterxml/jackson/module/jackson-module-parameter-names/2.9.7/jackson-module-parameter-names-2.9.7.jar:/Users/fujiidaisuke/.m2/repository/org/hibernate/validator/hibernate-validator/6.0.13.Final/hibernate-validator-6.0.13.Final.jar:/Users/fujiidaisuke/.m2/repository/javax/validation/validation-api/2.0.1.Final/validation-api-2.0.1.Final.jar:/Users/fujiidaisuke/.m2/repository/org/jboss/logging/jboss-logging/3.3.2.Final/jboss-logging-3.3.2.Final.jar:/Users/fujiidaisuke/.m2/repository/com/fasterxml/classmate/1.3.4/classmate-1.3.4.jar:/Users/fujiidaisuke/.m2/repository/org/springframework/spring-web/5.0.10.RELEASE/spring-web-5.0.10.RELEASE.jar:/Users/fujiidaisuke/.m2/repository/org/springframework/spring-beans/5.0.10.RELEASE/spring-beans-5.0.10.RELEASE.jar:/Users/fujiidaisuke/.m2/repository/org/springframework/spring-webmvc/5.0.10.RELEASE/spring-webmvc-5.0.10.RELEASE.jar:/Users/fujiidaisuke/.m2/repository/org/springframework/spring-context/5.0.10.RELEASE/spring-context-5.0.10.RELEASE.jar:/Users/fujiidaisuke/.m2/repository/org/springframework/spring-expression/5.0.10.RELEASE/spring-expression-5.0.10.RELEASE.jar:/Users/fujiidaisuke/.m2/repository/org/springframework/boot/spring-boot-starter-tomcat/2.0.6.RELEASE/spring-boot-starter-tomcat-2.0.6.RELEASE.jar:/Users/fujiidaisuke/.m2/repository/javax/annotation/javax.annotation-api/1.3.2/javax.annotation-api-1.3.2.jar:/Users/fujiidaisuke/.m2/repository/org/apache/tomcat/embed/tomcat-embed-core/8.5.34/tomcat-embed-core-8.5.34.jar:/Users/fujiidaisuke/.m2/repository/org/apache/tomcat/embed/tomcat-embed-el/8.5.34/tomcat-embed-el-8.5.34.jar:/Users/fujiidaisuke/.m2/repository/org/apache/tomcat/embed/tomcat-embed-websocket/8.5.34/tomcat-embed-websocket-8.5.34.jar:/Users/fujiidaisuke/Projects/sts/workspace/semipro/semipro-domain/target/semipro-domain-0.0.1-SNAPSHOT.jar:/Users/fujiidaisuke/.m2/repository/org/mybatis/spring/boot/mybatis-spring-boot-starter/1.3.1/mybatis-spring-boot-starter-1.3.1.jar:/Users/fujiidaisuke/.m2/repository/org/springframework/boot/spring-boot-starter-jdbc/2.0.6.RELEASE/spring-boot-starter-jdbc-2.0.6.RELEASE.jar:/Users/fujiidaisuke/.m2/repository/com/zaxxer/HikariCP/2.7.9/HikariCP-2.7.9.jar:/Users/fujiidaisuke/.m2/repository/org/springframework/spring-jdbc/5.0.10.RELEASE/spring-jdbc-5.0.10.RELEASE.jar:/Users/fujiidaisuke/.m2/repository/org/mybatis/spring/boot/mybatis-spring-boot-autoconfigure/1.3.1/mybatis-spring-boot-autoconfigure-1.3.1.jar:/Users/fujiidaisuke/.m2/repository/org/mybatis/mybatis/3.4.5/mybatis-3.4.5.jar:/Users/fujiidaisuke/.m2/repository/org/mybatis/mybatis-spring/1.3.1/mybatis-spring-1.3.1.jar:/Users/fujiidaisuke/.m2/repository/org/springframework/boot/spring-boot-starter-validation/2.0.6.RELEASE/spring-boot-starter-validation-2.0.6.RELEASE.jar:/Users/fujiidaisuke/.m2/repository/mysql/mysql-connector-java/5.1.47/mysql-connector-java-5.1.47.jar:/Users/fujiidaisuke/Projects/sts/workspace/semipro/semipro-common/target/semipro-common-0.0.1-SNAPSHOT.jar:/Users/fujiidaisuke/.m2/repository/org/springframework/boot/spring-boot-starter-mail/2.0.6.RELEASE/spring-boot-starter-mail-2.0.6.RELEASE.jar:/Users/fujiidaisuke/.m2/repository/org/springframework/spring-context-support/5.0.10.RELEASE/spring-context-support-5.0.10.RELEASE.jar:/Users/fujiidaisuke/.m2/repository/com/sun/mail/javax.mail/1.6.2/javax.mail-1.6.2.jar:/Users/fujiidaisuke/.m2/repository/javax/activation/activation/1.1/activation-1.1.jar:/Users/fujiidaisuke/.m2/repository/org/springframework/boot/spring-boot-starter-thymeleaf/2.0.6.RELEASE/spring-boot-starter-thymeleaf-2.0.6.RELEASE.jar:/Users/fujiidaisuke/.m2/repository/org/thymeleaf/thymeleaf-spring5/3.0.9.RELEASE/thymeleaf-spring5-3.0.9.RELEASE.jar:/Users/fujiidaisuke/.m2/repository/org/slf4j/slf4j-api/1.7.25/slf4j-api-1.7.25.jar:/Users/fujiidaisuke/.m2/repository/org/thymeleaf/extras/thymeleaf-extras-java8time/3.0.1.RELEASE/thymeleaf-extras-java8time-3.0.1.RELEASE.jar:/Users/fujiidaisuke/.m2/repository/nz/net/ultraq/thymeleaf/thymeleaf-layout-dialect/2.3.0/thymeleaf-layout-dialect-2.3.0.jar:/Users/fujiidaisuke/.m2/repository/nz/net/ultraq/thymeleaf/thymeleaf-expression-processor/1.1.3/thymeleaf-expression-processor-1.1.3.jar:/Users/fujiidaisuke/.m2/repository/org/codehaus/groovy/groovy/2.4.15/groovy-2.4.15.jar:/Users/fujiidaisuke/.m2/repository/org/thymeleaf/thymeleaf/3.0.9.RELEASE/thymeleaf-3.0.9.RELEASE.jar:/Users/fujiidaisuke/.m2/repository/ognl/ognl/3.1.12/ognl-3.1.12.jar:/Users/fujiidaisuke/.m2/repository/org/javassist/javassist/3.20.0-GA/javassist-3.20.0-GA.jar:/Users/fujiidaisuke/.m2/repository/org/attoparser/attoparser/2.0.4.RELEASE/attoparser-2.0.4.RELEASE.jar:/Users/fujiidaisuke/.m2/repository/org/unbescape/unbescape/1.1.5.RELEASE/unbescape-1.1.5.RELEASE.jar:/Users/fujiidaisuke/.m2/repository/org/springframework/boot/spring-boot-devtools/2.0.6.RELEASE/spring-boot-devtools-2.0.6.RELEASE.jar:/Users/fujiidaisuke/.m2/repository/org/springframework/boot/spring-boot/2.0.6.RELEASE/spring-boot-2.0.6.RELEASE.jar:/Users/fujiidaisuke/.m2/repository/org/springframework/boot/spring-boot-autoconfigure/2.0.6.RELEASE/spring-boot-autoconfigure-2.0.6.RELEASE.jar:/Users/fujiidaisuke/.m2/repository/org/webjars/jquery/3.3.1/jquery-3.3.1.jar:/Users/fujiidaisuke/.m2/repository/org/webjars/bootstrap/4.1.3/bootstrap-4.1.3.jar:/Users/fujiidaisuke/.m2/repository/org/webjars/popper.js/1.14.3/popper.js-1.14.3.jar:/Users/fujiidaisuke/.m2/repository/com/fasterxml/jackson/core/jackson-databind/2.9.8/jackson-databind-2.9.8.jar:/Users/fujiidaisuke/.m2/repository/com/fasterxml/jackson/core/jackson-annotations/2.9.0/jackson-annotations-2.9.0.jar:/Users/fujiidaisuke/.m2/repository/com/fasterxml/jackson/core/jackson-core/2.9.7/jackson-core-2.9.7.jar:/Users/fujiidaisuke/.m2/repository/org/terasoluna/gfw/terasoluna-gfw-web/5.4.1.RELEASE/terasoluna-gfw-web-5.4.1.RELEASE.jar:/Users/fujiidaisuke/.m2/repository/org/terasoluna/gfw/terasoluna-gfw-common/5.4.1.RELEASE/terasoluna-gfw-common-5.4.1.RELEASE.jar:/Users/fujiidaisuke/.m2/repository/org/aspectj/aspectjrt/1.8.13/aspectjrt-1.8.13.jar:/Users/fujiidaisuke/.m2/repository/org/aspectj/aspectjweaver/1.8.13/aspectjweaver-1.8.13.jar:/Users/fujiidaisuke/.m2/repository/ch/qos/logback/logback-classic/1.2.3/logback-classic-1.2.3.jar:/Users/fujiidaisuke/.m2/repository/ch/qos/logback/logback-core/1.2.3/logback-core-1.2.3.jar:/Users/fujiidaisuke/.m2/repository/org/lazyluke/log4jdbc-remix/0.2.7/log4jdbc-remix-0.2.7.jar:/Users/fujiidaisuke/.m2/repository/org/springframework/spring-orm/5.0.10.RELEASE/spring-orm-5.0.10.RELEASE.jar:/Users/fujiidaisuke/.m2/repository/org/springframework/spring-tx/5.0.10.RELEASE/spring-tx-5.0.10.RELEASE.jar:/Users/fujiidaisuke/.m2/repository/org/springframework/data/spring-data-commons/2.0.11.RELEASE/spring-data-commons-2.0.11.RELEASE.jar:/Users/fujiidaisuke/.m2/repository/com/google/guava/guava/20.0/guava-20.0.jar:/Users/fujiidaisuke/.m2/repository/org/hibernate/hibernate-validator/5.3.5.Final/hibernate-validator-5.3.5.Final.jar:/Users/fujiidaisuke/.m2/repository/javax/inject/javax.inject/1/javax.inject-1.jar:/Users/fujiidaisuke/.m2/repository/org/springframework/boot/spring-boot-starter-security/2.0.6.RELEASE/spring-boot-starter-security-2.0.6.RELEASE.jar:/Users/fujiidaisuke/.m2/repository/org/springframework/spring-aop/5.0.10.RELEASE/spring-aop-5.0.10.RELEASE.jar:/Users/fujiidaisuke/.m2/repository/org/springframework/security/spring-security-config/5.0.9.RELEASE/spring-security-config-5.0.9.RELEASE.jar:/Users/fujiidaisuke/.m2/repository/org/springframework/security/spring-security-core/5.0.9.RELEASE/spring-security-core-5.0.9.RELEASE.jar:/Users/fujiidaisuke/.m2/repository/org/springframework/security/spring-security-web/5.0.9.RELEASE/spring-security-web-5.0.9.RELEASE.jar:/Users/fujiidaisuke/.m2/repository/org/springframework/boot/spring-boot-starter/2.0.6.RELEASE/spring-boot-starter-2.0.6.RELEASE.jar:/Users/fujiidaisuke/.m2/repository/org/springframework/boot/spring-boot-starter-logging/2.0.6.RELEASE/spring-boot-starter-logging-2.0.6.RELEASE.jar:/Users/fujiidaisuke/.m2/repository/org/apache/logging/log4j/log4j-to-slf4j/2.10.0/log4j-to-slf4j-2.10.0.jar:/Users/fujiidaisuke/.m2/repository/org/apache/logging/log4j/log4j-api/2.10.0/log4j-api-2.10.0.jar:/Users/fujiidaisuke/.m2/repository/org/slf4j/jul-to-slf4j/1.7.25/jul-to-slf4j-1.7.25.jar:/Users/fujiidaisuke/.m2/repository/org/springframework/spring-core/5.0.10.RELEASE/spring-core-5.0.10.RELEASE.jar:/Users/fujiidaisuke/.m2/repository/org/springframework/spring-jcl/5.0.10.RELEASE/spring-jcl-5.0.10.RELEASE.jar:/Users/fujiidaisuke/.m2/repository/org/yaml/snakeyaml/1.19/snakeyaml-1.19.jar:/Users/fujiidaisuke/.m2/repository/org/springframework/boot/spring-boot-configuration-processor/2.0.6.RELEASE/spring-boot-configuration-processor-2.0.6.RELEASE.jar:/Users/fujiidaisuke/.m2/repository/org/apache/commons/commons-collections4/4.1/commons-collections4-4.1.jar:/Users/fujiidaisuke/.m2/repository/org/projectlombok/lombok/1.16.22/lombok-1.16.22.jar:/Users/fujiidaisuke/.m2/repository/org/springframework/boot/spring-boot-starter-test/2.0.6.RELEASE/spring-boot-starter-test-2.0.6.RELEASE.jar:/Users/fujiidaisuke/.m2/repository/org/springframework/boot/spring-boot-test/2.0.6.RELEASE/spring-boot-test-2.0.6.RELEASE.jar:/Users/fujiidaisuke/.m2/repository/org/springframework/boot/spring-boot-test-autoconfigure/2.0.6.RELEASE/spring-boot-test-autoconfigure-2.0.6.RELEASE.jar:/Users/fujiidaisuke/.m2/repository/com/jayway/jsonpath/json-path/2.4.0/json-path-2.4.0.jar:/Users/fujiidaisuke/.m2/repository/net/minidev/json-smart/2.3/json-smart-2.3.jar:/Users/fujiidaisuke/.m2/repository/net/minidev/accessors-smart/1.2/accessors-smart-1.2.jar:/Users/fujiidaisuke/.m2/repository/org/ow2/asm/asm/5.0.4/asm-5.0.4.jar:/Users/fujiidaisuke/.m2/repository/junit/junit/4.12/junit-4.12.jar:/Users/fujiidaisuke/.m2/repository/org/assertj/assertj-core/3.9.1/assertj-core-3.9.1.jar:/Users/fujiidaisuke/.m2/repository/org/mockito/mockito-core/2.15.0/mockito-core-2.15.0.jar:/Users/fujiidaisuke/.m2/repository/net/bytebuddy/byte-buddy/1.7.11/byte-buddy-1.7.11.jar:/Users/fujiidaisuke/.m2/repository/net/bytebuddy/byte-buddy-agent/1.7.11/byte-buddy-agent-1.7.11.jar:/Users/fujiidaisuke/.m2/repository/org/objenesis/objenesis/2.6/objenesis-2.6.jar:/Users/fujiidaisuke/.m2/repository/org/hamcrest/hamcrest-core/1.3/hamcrest-core-1.3.jar:/Users/fujiidaisuke/.m2/repository/org/hamcrest/hamcrest-library/1.3/hamcrest-library-1.3.jar:/Users/fujiidaisuke/.m2/repository/org/skyscreamer/jsonassert/1.5.0/jsonassert-1.5.0.jar:/Users/fujiidaisuke/.m2/repository/com/vaadin/external/google/android-json/0.0.20131108.vaadin1/android-json-0.0.20131108.vaadin1.jar:/Users/fujiidaisuke/.m2/repository/org/springframework/spring-test/5.0.10.RELEASE/spring-test-5.0.10.RELEASE.jar:/Users/fujiidaisuke/.m2/repository/org/xmlunit/xmlunit-core/2.5.1/xmlunit-core-2.5.1.jar:"/>
    <property name="java.vm.vendor" value="Oracle Corporation"/>
    <property name="sun.arch.data.model" value="64"/>
    <property name="java.vendor.url" value="http://java.oracle.com/"/>
    <property name="user.timezone" value=""/>
    <property name="java.vm.specification.version" value="1.8"/>
    <property name="os.name" value="Mac OS X"/>
    <property name="user.country" value="JP"/>
    <property name="sun.java.launcher" value="SUN_STANDARD"/>
    <property name="sun.boot.library.path" value="/Library/Java/JavaVirtualMachines/jdk1.8.0_161.jdk/Contents/Home/jre/lib"/>
    <property name="sun.java.command" value="/Users/fujiidaisuke/Projects/sts/workspace/semipro/semipro-web/target/surefire/surefirebooter6779490251597346677.jar /Users/fujiidaisuke/Projects/sts/workspace/semipro/semipro-web/target/surefire 2019-04-01T23-51-03_019-jvmRun1 surefire4165708038632290227tmp surefire_08744135776304252662tmp"/>
    <property name="http.nonProxyHosts" value="local|*.local|169.254/16|*.169.254/16"/>
    <property name="surefire.test.class.path" value="/Users/fujiidaisuke/Projects/sts/workspace/semipro/semipro-web/target/test-classes:/Users/fujiidaisuke/Projects/sts/workspace/semipro/semipro-web/target/classes:/Users/fujiidaisuke/.m2/repository/org/springframework/boot/spring-boot-starter-web/2.0.6.RELEASE/spring-boot-starter-web-2.0.6.RELEASE.jar:/Users/fujiidaisuke/.m2/repository/org/springframework/boot/spring-boot-starter-json/2.0.6.RELEASE/spring-boot-starter-json-2.0.6.RELEASE.jar:/Users/fujiidaisuke/.m2/repository/com/fasterxml/jackson/datatype/jackson-datatype-jdk8/2.9.7/jackson-datatype-jdk8-2.9.7.jar:/Users/fujiidaisuke/.m2/repository/com/fasterxml/jackson/datatype/jackson-datatype-jsr310/2.9.7/jackson-datatype-jsr310-2.9.7.jar:/Users/fujiidaisuke/.m2/repository/com/fasterxml/jackson/module/jackson-module-parameter-names/2.9.7/jackson-module-parameter-names-2.9.7.jar:/Users/fujiidaisuke/.m2/repository/org/hibernate/validator/hibernate-validator/6.0.13.Final/hibernate-validator-6.0.13.Final.jar:/Users/fujiidaisuke/.m2/repository/javax/validation/validation-api/2.0.1.Final/validation-api-2.0.1.Final.jar:/Users/fujiidaisuke/.m2/repository/org/jboss/logging/jboss-logging/3.3.2.Final/jboss-logging-3.3.2.Final.jar:/Users/fujiidaisuke/.m2/repository/com/fasterxml/classmate/1.3.4/classmate-1.3.4.jar:/Users/fujiidaisuke/.m2/repository/org/springframework/spring-web/5.0.10.RELEASE/spring-web-5.0.10.RELEASE.jar:/Users/fujiidaisuke/.m2/repository/org/springframework/spring-beans/5.0.10.RELEASE/spring-beans-5.0.10.RELEASE.jar:/Users/fujiidaisuke/.m2/repository/org/springframework/spring-webmvc/5.0.10.RELEASE/spring-webmvc-5.0.10.RELEASE.jar:/Users/fujiidaisuke/.m2/repository/org/springframework/spring-context/5.0.10.RELEASE/spring-context-5.0.10.RELEASE.jar:/Users/fujiidaisuke/.m2/repository/org/springframework/spring-expression/5.0.10.RELEASE/spring-expression-5.0.10.RELEASE.jar:/Users/fujiidaisuke/.m2/repository/org/springframework/boot/spring-boot-starter-tomcat/2.0.6.RELEASE/spring-boot-starter-tomcat-2.0.6.RELEASE.jar:/Users/fujiidaisuke/.m2/repository/javax/annotation/javax.annotation-api/1.3.2/javax.annotation-api-1.3.2.jar:/Users/fujiidaisuke/.m2/repository/org/apache/tomcat/embed/tomcat-embed-core/8.5.34/tomcat-embed-core-8.5.34.jar:/Users/fujiidaisuke/.m2/repository/org/apache/tomcat/embed/tomcat-embed-el/8.5.34/tomcat-embed-el-8.5.34.jar:/Users/fujiidaisuke/.m2/repository/org/apache/tomcat/embed/tomcat-embed-websocket/8.5.34/tomcat-embed-websocket-8.5.34.jar:/Users/fujiidaisuke/Projects/sts/workspace/semipro/semipro-domain/target/semipro-domain-0.0.1-SNAPSHOT.jar:/Users/fujiidaisuke/.m2/repository/org/mybatis/spring/boot/mybatis-spring-boot-starter/1.3.1/mybatis-spring-boot-starter-1.3.1.jar:/Users/fujiidaisuke/.m2/repository/org/springframework/boot/spring-boot-starter-jdbc/2.0.6.RELEASE/spring-boot-starter-jdbc-2.0.6.RELEASE.jar:/Users/fujiidaisuke/.m2/repository/com/zaxxer/HikariCP/2.7.9/HikariCP-2.7.9.jar:/Users/fujiidaisuke/.m2/repository/org/springframework/spring-jdbc/5.0.10.RELEASE/spring-jdbc-5.0.10.RELEASE.jar:/Users/fujiidaisuke/.m2/repository/org/mybatis/spring/boot/mybatis-spring-boot-autoconfigure/1.3.1/mybatis-spring-boot-autoconfigure-1.3.1.jar:/Users/fujiidaisuke/.m2/repository/org/mybatis/mybatis/3.4.5/mybatis-3.4.5.jar:/Users/fujiidaisuke/.m2/repository/org/mybatis/mybatis-spring/1.3.1/mybatis-spring-1.3.1.jar:/Users/fujiidaisuke/.m2/repository/org/springframework/boot/spring-boot-starter-validation/2.0.6.RELEASE/spring-boot-starter-validation-2.0.6.RELEASE.jar:/Users/fujiidaisuke/.m2/repository/mysql/mysql-connector-java/5.1.47/mysql-connector-java-5.1.47.jar:/Users/fujiidaisuke/Projects/sts/workspace/semipro/semipro-common/target/semipro-common-0.0.1-SNAPSHOT.jar:/Users/fujiidaisuke/.m2/repository/org/springframework/boot/spring-boot-starter-mail/2.0.6.RELEASE/spring-boot-starter-mail-2.0.6.RELEASE.jar:/Users/fujiidaisuke/.m2/repository/org/springframework/spring-context-support/5.0.10.RELEASE/spring-context-support-5.0.10.RELEASE.jar:/Users/fujiidaisuke/.m2/repository/com/sun/mail/javax.mail/1.6.2/javax.mail-1.6.2.jar:/Users/fujiidaisuke/.m2/repository/javax/activation/activation/1.1/activation-1.1.jar:/Users/fujiidaisuke/.m2/repository/org/springframework/boot/spring-boot-starter-thymeleaf/2.0.6.RELEASE/spring-boot-starter-thymeleaf-2.0.6.RELEASE.jar:/Users/fujiidaisuke/.m2/repository/org/thymeleaf/thymeleaf-spring5/3.0.9.RELEASE/thymeleaf-spring5-3.0.9.RELEASE.jar:/Users/fujiidaisuke/.m2/repository/org/slf4j/slf4j-api/1.7.25/slf4j-api-1.7.25.jar:/Users/fujiidaisuke/.m2/repository/org/thymeleaf/extras/thymeleaf-extras-java8time/3.0.1.RELEASE/thymeleaf-extras-java8time-3.0.1.RELEASE.jar:/Users/fujiidaisuke/.m2/repository/nz/net/ultraq/thymeleaf/thymeleaf-layout-dialect/2.3.0/thymeleaf-layout-dialect-2.3.0.jar:/Users/fujiidaisuke/.m2/repository/nz/net/ultraq/thymeleaf/thymeleaf-expression-processor/1.1.3/thymeleaf-expression-processor-1.1.3.jar:/Users/fujiidaisuke/.m2/repository/org/codehaus/groovy/groovy/2.4.15/groovy-2.4.15.jar:/Users/fujiidaisuke/.m2/repository/org/thymeleaf/thymeleaf/3.0.9.RELEASE/thymeleaf-3.0.9.RELEASE.jar:/Users/fujiidaisuke/.m2/repository/ognl/ognl/3.1.12/ognl-3.1.12.jar:/Users/fujiidaisuke/.m2/repository/org/javassist/javassist/3.20.0-GA/javassist-3.20.0-GA.jar:/Users/fujiidaisuke/.m2/repository/org/attoparser/attoparser/2.0.4.RELEASE/attoparser-2.0.4.RELEASE.jar:/Users/fujiidaisuke/.m2/repository/org/unbescape/unbescape/1.1.5.RELEASE/unbescape-1.1.5.RELEASE.jar:/Users/fujiidaisuke/.m2/repository/org/springframework/boot/spring-boot-devtools/2.0.6.RELEASE/spring-boot-devtools-2.0.6.RELEASE.jar:/Users/fujiidaisuke/.m2/repository/org/springframework/boot/spring-boot/2.0.6.RELEASE/spring-boot-2.0.6.RELEASE.jar:/Users/fujiidaisuke/.m2/repository/org/springframework/boot/spring-boot-autoconfigure/2.0.6.RELEASE/spring-boot-autoconfigure-2.0.6.RELEASE.jar:/Users/fujiidaisuke/.m2/repository/org/webjars/jquery/3.3.1/jquery-3.3.1.jar:/Users/fujiidaisuke/.m2/repository/org/webjars/bootstrap/4.1.3/bootstrap-4.1.3.jar:/Users/fujiidaisuke/.m2/repository/org/webjars/popper.js/1.14.3/popper.js-1.14.3.jar:/Users/fujiidaisuke/.m2/repository/com/fasterxml/jackson/core/jackson-databind/2.9.8/jackson-databind-2.9.8.jar:/Users/fujiidaisuke/.m2/repository/com/fasterxml/jackson/core/jackson-annotations/2.9.0/jackson-annotations-2.9.0.jar:/Users/fujiidaisuke/.m2/repository/com/fasterxml/jackson/core/jackson-core/2.9.7/jackson-core-2.9.7.jar:/Users/fujiidaisuke/.m2/repository/org/terasoluna/gfw/terasoluna-gfw-web/5.4.1.RELEASE/terasoluna-gfw-web-5.4.1.RELEASE.jar:/Users/fujiidaisuke/.m2/repository/org/terasoluna/gfw/terasoluna-gfw-common/5.4.1.RELEASE/terasoluna-gfw-common-5.4.1.RELEASE.jar:/Users/fujiidaisuke/.m2/repository/org/aspectj/aspectjrt/1.8.13/aspectjrt-1.8.13.jar:/Users/fujiidaisuke/.m2/repository/org/aspectj/aspectjweaver/1.8.13/aspectjweaver-1.8.13.jar:/Users/fujiidaisuke/.m2/repository/ch/qos/logback/logback-classic/1.2.3/logback-classic-1.2.3.jar:/Users/fujiidaisuke/.m2/repository/ch/qos/logback/logback-core/1.2.3/logback-core-1.2.3.jar:/Users/fujiidaisuke/.m2/repository/org/lazyluke/log4jdbc-remix/0.2.7/log4jdbc-remix-0.2.7.jar:/Users/fujiidaisuke/.m2/repository/org/springframework/spring-orm/5.0.10.RELEASE/spring-orm-5.0.10.RELEASE.jar:/Users/fujiidaisuke/.m2/repository/org/springframework/spring-tx/5.0.10.RELEASE/spring-tx-5.0.10.RELEASE.jar:/Users/fujiidaisuke/.m2/repository/org/springframework/data/spring-data-commons/2.0.11.RELEASE/spring-data-commons-2.0.11.RELEASE.jar:/Users/fujiidaisuke/.m2/repository/com/google/guava/guava/20.0/guava-20.0.jar:/Users/fujiidaisuke/.m2/repository/org/hibernate/hibernate-validator/5.3.5.Final/hibernate-validator-5.3.5.Final.jar:/Users/fujiidaisuke/.m2/repository/javax/inject/javax.inject/1/javax.inject-1.jar:/Users/fujiidaisuke/.m2/repository/org/springframework/boot/spring-boot-starter-security/2.0.6.RELEASE/spring-boot-starter-security-2.0.6.RELEASE.jar:/Users/fujiidaisuke/.m2/repository/org/springframework/spring-aop/5.0.10.RELEASE/spring-aop-5.0.10.RELEASE.jar:/Users/fujiidaisuke/.m2/repository/org/springframework/security/spring-security-config/5.0.9.RELEASE/spring-security-config-5.0.9.RELEASE.jar:/Users/fujiidaisuke/.m2/repository/org/springframework/security/spring-security-core/5.0.9.RELEASE/spring-security-core-5.0.9.RELEASE.jar:/Users/fujiidaisuke/.m2/repository/org/springframework/security/spring-security-web/5.0.9.RELEASE/spring-security-web-5.0.9.RELEASE.jar:/Users/fujiidaisuke/.m2/repository/org/springframework/boot/spring-boot-starter/2.0.6.RELEASE/spring-boot-starter-2.0.6.RELEASE.jar:/Users/fujiidaisuke/.m2/repository/org/springframework/boot/spring-boot-starter-logging/2.0.6.RELEASE/spring-boot-starter-logging-2.0.6.RELEASE.jar:/Users/fujiidaisuke/.m2/repository/org/apache/logging/log4j/log4j-to-slf4j/2.10.0/log4j-to-slf4j-2.10.0.jar:/Users/fujiidaisuke/.m2/repository/org/apache/logging/log4j/log4j-api/2.10.0/log4j-api-2.10.0.jar:/Users/fujiidaisuke/.m2/repository/org/slf4j/jul-to-slf4j/1.7.25/jul-to-slf4j-1.7.25.jar:/Users/fujiidaisuke/.m2/repository/org/springframework/spring-core/5.0.10.RELEASE/spring-core-5.0.10.RELEASE.jar:/Users/fujiidaisuke/.m2/repository/org/springframework/spring-jcl/5.0.10.RELEASE/spring-jcl-5.0.10.RELEASE.jar:/Users/fujiidaisuke/.m2/repository/org/yaml/snakeyaml/1.19/snakeyaml-1.19.jar:/Users/fujiidaisuke/.m2/repository/org/springframework/boot/spring-boot-configuration-processor/2.0.6.RELEASE/spring-boot-configuration-processor-2.0.6.RELEASE.jar:/Users/fujiidaisuke/.m2/repository/org/apache/commons/commons-collections4/4.1/commons-collections4-4.1.jar:/Users/fujiidaisuke/.m2/repository/org/projectlombok/lombok/1.16.22/lombok-1.16.22.jar:/Users/fujiidaisuke/.m2/repository/org/springframework/boot/spring-boot-starter-test/2.0.6.RELEASE/spring-boot-starter-test-2.0.6.RELEASE.jar:/Users/fujiidaisuke/.m2/repository/org/springframework/boot/spring-boot-test/2.0.6.RELEASE/spring-boot-test-2.0.6.RELEASE.jar:/Users/fujiidaisuke/.m2/repository/org/springframework/boot/spring-boot-test-autoconfigure/2.0.6.RELEASE/spring-boot-test-autoconfigure-2.0.6.RELEASE.jar:/Users/fujiidaisuke/.m2/repository/com/jayway/jsonpath/json-path/2.4.0/json-path-2.4.0.jar:/Users/fujiidaisuke/.m2/repository/net/minidev/json-smart/2.3/json-smart-2.3.jar:/Users/fujiidaisuke/.m2/repository/net/minidev/accessors-smart/1.2/accessors-smart-1.2.jar:/Users/fujiidaisuke/.m2/repository/org/ow2/asm/asm/5.0.4/asm-5.0.4.jar:/Users/fujiidaisuke/.m2/repository/junit/junit/4.12/junit-4.12.jar:/Users/fujiidaisuke/.m2/repository/org/assertj/assertj-core/3.9.1/assertj-core-3.9.1.jar:/Users/fujiidaisuke/.m2/repository/org/mockito/mockito-core/2.15.0/mockito-core-2.15.0.jar:/Users/fujiidaisuke/.m2/repository/net/bytebuddy/byte-buddy/1.7.11/byte-buddy-1.7.11.jar:/Users/fujiidaisuke/.m2/repository/net/bytebuddy/byte-buddy-agent/1.7.11/byte-buddy-agent-1.7.11.jar:/Users/fujiidaisuke/.m2/repository/org/objenesis/objenesis/2.6/objenesis-2.6.jar:/Users/fujiidaisuke/.m2/repository/org/hamcrest/hamcrest-core/1.3/hamcrest-core-1.3.jar:/Users/fujiidaisuke/.m2/repository/org/hamcrest/hamcrest-library/1.3/hamcrest-library-1.3.jar:/Users/fujiidaisuke/.m2/repository/org/skyscreamer/jsonassert/1.5.0/jsonassert-1.5.0.jar:/Users/fujiidaisuke/.m2/repository/com/vaadin/external/google/android-json/0.0.20131108.vaadin1/android-json-0.0.20131108.vaadin1.jar:/Users/fujiidaisuke/.m2/repository/org/springframework/spring-test/5.0.10.RELEASE/spring-test-5.0.10.RELEASE.jar:/Users/fujiidaisuke/.m2/repository/org/xmlunit/xmlunit-core/2.5.1/xmlunit-core-2.5.1.jar:"/>
    <property name="sun.cpu.endian" value="little"/>
    <property name="user.home" value="/Users/fujiidaisuke"/>
    <property name="user.language" value="ja"/>
    <property name="java.specification.vendor" value="Oracle Corporation"/>
    <property name="java.home" value="/Library/Java/JavaVirtualMachines/jdk1.8.0_161.jdk/Contents/Home/jre"/>
    <property name="basedir" value="/Users/fujiidaisuke/Projects/sts/workspace/semipro/semipro-web"/>
    <property name="file.separator" value="/"/>
    <property name="line.separator" value="&#10;"/>
    <property name="java.vm.specification.vendor" value="Oracle Corporation"/>
    <property name="java.specification.name" value="Java Platform API Specification"/>
    <property name="java.awt.graphicsenv" value="sun.awt.CGraphicsEnvironment"/>
    <property name="surefire.real.class.path" value="/Users/fujiidaisuke/Projects/sts/workspace/semipro/semipro-web/target/surefire/surefirebooter6779490251597346677.jar"/>
    <property name="sun.boot.class.path" value="/Library/Java/JavaVirtualMachines/jdk1.8.0_161.jdk/Contents/Home/jre/lib/resources.jar:/Library/Java/JavaVirtualMachines/jdk1.8.0_161.jdk/Contents/Home/jre/lib/rt.jar:/Library/Java/JavaVirtualMachines/jdk1.8.0_161.jdk/Contents/Home/jre/lib/sunrsasign.jar:/Library/Java/JavaVirtualMachines/jdk1.8.0_161.jdk/Contents/Home/jre/lib/jsse.jar:/Library/Java/JavaVirtualMachines/jdk1.8.0_161.jdk/Contents/Home/jre/lib/jce.jar:/Library/Java/JavaVirtualMachines/jdk1.8.0_161.jdk/Contents/Home/jre/lib/charsets.jar:/Library/Java/JavaVirtualMachines/jdk1.8.0_161.jdk/Contents/Home/jre/lib/jfr.jar:/Library/Java/JavaVirtualMachines/jdk1.8.0_161.jdk/Contents/Home/jre/classes"/>
    <property name="sun.management.compiler" value="HotSpot 64-Bit Tiered Compilers"/>
    <property name="ftp.nonProxyHosts" value="local|*.local|169.254/16|*.169.254/16"/>
    <property name="java.runtime.version" value="1.8.0_161-b12"/>
    <property name="user.name" value="fujiidaisuke"/>
    <property name="path.separator" value=":"/>
    <property name="os.version" value="10.14.3"/>
    <property name="java.endorsed.dirs" value="/Library/Java/JavaVirtualMachines/jdk1.8.0_161.jdk/Contents/Home/jre/lib/endorsed"/>
    <property name="java.runtime.name" value="Java(TM) SE Runtime Environment"/>
    <property name="file.encoding" value="UTF-8"/>
    <property name="java.vm.name" value="Java HotSpot(TM) 64-Bit Server VM"/>
    <property name="localRepository" value="/Users/fujiidaisuke/.m2/repository"/>
    <property name="java.vendor.url.bug" value="http://bugreport.sun.com/bugreport/"/>
    <property name="java.io.tmpdir" value="/var/folders/3z/c5hyzk3d3m9_0b6r8rbmvpl00000gn/T/"/>
    <property name="java.version" value="1.8.0_161"/>
    <property name="user.dir" value="/Users/fujiidaisuke/Projects/sts/workspace/semipro/semipro-web"/>
    <property name="os.arch" value="x86_64"/>
    <property name="java.vm.specification.name" value="Java Virtual Machine Specification"/>
    <property name="java.awt.printerjob" value="sun.lwawt.macosx.CPrinterJob"/>
    <property name="sun.os.patch.level" value="unknown"/>
    <property name="java.library.path" value="/Users/fujiidaisuke/Library/Java/Extensions:/Library/Java/Extensions:/Network/Library/Java/Extensions:/System/Library/Java/Extensions:/usr/lib/java:."/>
    <property name="java.vm.info" value="mixed mode"/>
    <property name="java.vendor" value="Oracle Corporation"/>
    <property name="java.vm.version" value="25.161-b12"/>
    <property name="java.ext.dirs" value="/Users/fujiidaisuke/Library/Java/Extensions:/Library/Java/JavaVirtualMachines/jdk1.8.0_161.jdk/Contents/Home/jre/lib/ext:/Library/Java/Extensions:/Network/Library/Java/Extensions:/System/Library/Java/Extensions:/usr/lib/java"/>
    <property name="sun.io.unicode.encoding" value="UnicodeBig"/>
    <property name="java.class.version" value="52.0"/>
    <property name="socksNonProxyHosts" value="local|*.local|169.254/16|*.169.254/16"/>
  </properties>
  <testcase name="test" classname="red.semipro.batch.eventon.EventonApiTest" time="24.256"/>
</testsuite>